<?xml version="1.0" encoding="UTF-8"?>
<!-- Generated by org.testng.reporters.JUnitReportReporter -->
<testsuite hostname="ASDW0012" name="com.qait.mavenTestNg.AppTest" tests="3" failures="0" timestamp="5 Feb 2019 12:31:44 GMT" time="0.017" errors="0">
  <testcase name="testLetterCaseMatch1" time="0.001" classname="com.qait.mavenTestNg.AppTest"/>
  <testcase name="testLetterCaseMatch" time="0.015" classname="com.qait.mavenTestNg.AppTest"/>
  <testcase name="testLetterMatch" time="0.001" classname="com.qait.mavenTestNg.AppTest"/>
</testsuite> <!-- com.qait.mavenTestNg.AppTest -->
